<?xml version="1.0" encoding="UTF-8"?>
<!-- Generated by org.testng.reporters.JUnitReportReporter -->
<testsuite hostname="DESKTOP-Q9R4LGA" failures="0" tests="1" name="org.appiumFramework.ecommerce.E2E" time="29.281" errors="0" timestamp="2023-11-06T15:16:12 WIB" skipped="0">
  <testcase classname="org.appiumFramework.ecommerce.E2E" name="E2E001" time="29.281"/>
  <system-out/>
</testsuite> <!-- org.appiumFramework.ecommerce.E2E -->
