<?xml version="1.0" encoding="UTF-8"?>
<!-- Generated by org.testng.reporters.JUnitReportReporter -->
<testsuite hostname="DESKTOP-Q9R4LGA" failures="0" tests="6" name="org.appiumFramework.ecommerce.SignupPageTest" time="28.460" errors="0" timestamp="2023-11-06T11:17:55 WIB" skipped="0">
  <testcase classname="org.appiumFramework.ecommerce.SignupPageTest" name="SGN001" time="10.702"/>
  <system-out/>
  <testcase classname="org.appiumFramework.ecommerce.SignupPageTest" name="SGN002" time="2.833"/>
  <system-out/>
  <testcase classname="org.appiumFramework.ecommerce.SignupPageTest" name="SGN003" time="3.010"/>
  <system-out/>
  <testcase classname="org.appiumFramework.ecommerce.SignupPageTest" name="SGN004" time="2.744"/>
  <system-out/>
  <testcase classname="org.appiumFramework.ecommerce.SignupPageTest" name="SGN005" time="4.087"/>
  <system-out/>
  <testcase classname="org.appiumFramework.ecommerce.SignupPageTest" name="SGN006" time="5.084"/>
  <system-out/>
</testsuite> <!-- org.appiumFramework.ecommerce.SignupPageTest -->
