<?xml version="1.0" encoding="UTF-8"?>
<!-- Generated by org.testng.reporters.JUnitReportReporter -->
<testsuite hostname="DESKTOP-Q9R4LGA" failures="0" tests="3" name="org.appiumFramework.ecommerce.E2E" time="128.279" errors="0" timestamp="2023-11-07T11:43:06 WIB" skipped="0">
  <testcase classname="org.appiumFramework.ecommerce.E2E" name="E2E001" time="32.371"/>
  <system-out/>
  <testcase classname="org.appiumFramework.ecommerce.E2E" name="E2E002" time="60.234"/>
  <system-out/>
  <testcase classname="org.appiumFramework.ecommerce.E2E" name="E2E003" time="35.674"/>
  <system-out/>
</testsuite> <!-- org.appiumFramework.ecommerce.E2E -->
