<?xml version="1.0" encoding="UTF-8"?>
<!-- Generated by org.testng.reporters.JUnitReportReporter -->
<testsuite hostname="DESKTOP-Q9R4LGA" failures="0" tests="3" name="org.appiumFramework.ecommerce.E2E" time="134.695" errors="0" timestamp="2023-11-07T23:20:05 WIB" skipped="0">
  <testcase classname="org.appiumFramework.ecommerce.E2E" name="E2E001" time="33.580"/>
  <system-out/>
  <testcase classname="org.appiumFramework.ecommerce.E2E" name="E2E002" time="63.795"/>
  <system-out/>
  <testcase classname="org.appiumFramework.ecommerce.E2E" name="E2E003" time="37.320"/>
  <system-out/>
</testsuite> <!-- org.appiumFramework.ecommerce.E2E -->
