<?xml version="1.0" encoding="UTF-8"?>
<!-- Generated by org.testng.reporters.JUnitReportReporter -->
<testsuite hostname="DESKTOP-Q9R4LGA" failures="0" tests="4" name="org.appiumFramework.ecommerce.LoginPageTest" time="17.124" errors="0" timestamp="2023-11-06T10:38:04 WIB" skipped="0">
  <testcase classname="org.appiumFramework.ecommerce.LoginPageTest" name="LGN001" time="5.671"/>
  <system-out/>
  <testcase classname="org.appiumFramework.ecommerce.LoginPageTest" name="LGN002" time="2.430"/>
  <system-out/>
  <testcase classname="org.appiumFramework.ecommerce.LoginPageTest" name="LGN003" time="4.828"/>
  <system-out/>
  <testcase classname="org.appiumFramework.ecommerce.LoginPageTest" name="LGN004" time="4.195"/>
  <system-out/>
</testsuite> <!-- org.appiumFramework.ecommerce.LoginPageTest -->
